<?xml version="1.0" encoding="UTF-8"?>
<!-- Generated by org.testng.reporters.JUnitReportReporter -->
<testsuite hostname="DESKTOP-JPUHLHM" failures="0" tests="2" name="Framework.Mavenjava.RESTAPITest" time="0.012" errors="0" timestamp="2021-12-11T20:29:05 IST" skipped="0">
  <testcase classname="Framework.Mavenjava.RESTAPITest" name="deleteTwitter" time="0.011"/>
  <system-out/>
  <testcase classname="Framework.Mavenjava.RESTAPITest" name="postJira" time="0.001"/>
  <system-out/>
</testsuite> <!-- Framework.Mavenjava.RESTAPITest -->
