<?xml version="1.0" encoding="UTF-8"?>
<!-- Generated by org.testng.reporters.JUnitReportReporter -->
<testsuite hostname="DESKTOP-JPUHLHM" failures="0" tests="1" name="Framework.Mavenjava.AppiumTest" time="0.002" errors="0" timestamp="2021-12-11T20:25:33 IST" skipped="0">
  <testcase classname="Framework.Mavenjava.AppiumTest" name="AndroidTest" time="0.002"/>
  <system-out/>
</testsuite> <!-- Framework.Mavenjava.AppiumTest -->
