<?xml version="1.0" encoding="UTF-8"?>
<!-- Generated by org.testng.reporters.JUnitReportReporter -->
<testsuite hostname="DESKTOP-JPUHLHM" failures="0" tests="1" name="Framework.Mavenjava.SeleniumTest" time="0.001" errors="0" timestamp="2021-12-11T20:25:33 IST" skipped="0">
  <testcase classname="Framework.Mavenjava.SeleniumTest" name="screentest" time="0.001"/>
  <system-out/>
</testsuite> <!-- Framework.Mavenjava.SeleniumTest -->
